<?xml version="1.0" encoding="UTF-8"?>
<testsuite name="com.chargecodes.web.rest.ChargeCodeResourceIntTest" time="1.05" tests="11" errors="0" skipped="0" failures="0">
  <properties>
    <property name="java.runtime.name" value="OpenJDK Runtime Environment"/>
    <property name="sun.boot.library.path" value="/usr/lib/jvm/java-8-openjdk-amd64/jre/lib/amd64"/>
    <property name="java.vm.version" value="25.151-b12"/>
    <property name="java.vm.vendor" value="Oracle Corporation"/>
    <property name="maven.multiModuleProjectDirectory" value="/home/pjadda/dockerapps/springcloudstrem-kafka/chargecodes"/>
    <property name="java.vendor.url" value="http://java.oracle.com/"/>
    <property name="path.separator" value=":"/>
    <property name="guice.disable.misplaced.annotation.check" value="true"/>
    <property name="java.vm.name" value="OpenJDK 64-Bit Server VM"/>
    <property name="file.encoding.pkg" value="sun.io"/>
    <property name="apiTests" value="true"/>
    <property name="user.country" value="US"/>
    <property name="sun.java.launcher" value="SUN_STANDARD"/>
    <property name="sun.os.patch.level" value="unknown"/>
    <property name="java.vm.specification.name" value="Java Virtual Machine Specification"/>
    <property name="user.dir" value="/home/pjadda/dockerapps/springcloudstrem-kafka/chargecodes"/>
    <property name="java.runtime.version" value="1.8.0_151-8u151-b12-0ubuntu0.16.04.2-b12"/>
    <property name="java.awt.graphicsenv" value="sun.awt.X11GraphicsEnvironment"/>
    <property name="java.endorsed.dirs" value="/usr/lib/jvm/java-8-openjdk-amd64/jre/lib/endorsed"/>
    <property name="os.arch" value="amd64"/>
    <property name="java.io.tmpdir" value="/tmp"/>
    <property name="line.separator" value="&#10;"/>
    <property name="java.vm.specification.vendor" value="Oracle Corporation"/>
    <property name="os.name" value="Linux"/>
    <property name="apis" value=""/>
    <property name="classworlds.conf" value="/home/pjadda/.m2/wrapper/dists/apache-maven-3.5.0-bin/6ps54u5pnnbbpr6ds9rppcc7iv/apache-maven-3.5.0/bin/m2.conf"/>
    <property name="sun.jnu.encoding" value="UTF-8"/>
    <property name="java.library.path" value="/usr/java/packages/lib/amd64:/usr/lib/x86_64-linux-gnu/jni:/lib/x86_64-linux-gnu:/usr/lib/x86_64-linux-gnu:/usr/lib/jni:/lib:/usr/lib"/>
    <property name="maven.conf" value="/home/pjadda/.m2/wrapper/dists/apache-maven-3.5.0-bin/6ps54u5pnnbbpr6ds9rppcc7iv/apache-maven-3.5.0/conf"/>
    <property name="java.specification.name" value="Java Platform API Specification"/>
    <property name="java.class.version" value="52.0"/>
    <property name="sun.management.compiler" value="HotSpot 64-Bit Tiered Compilers"/>
    <property name="modelDocs" value="true"/>
    <property name="os.version" value="4.13.0-32-generic"/>
    <property name="withXml" value="false"/>
    <property name="library.jansi.path" value="/home/pjadda/.m2/wrapper/dists/apache-maven-3.5.0-bin/6ps54u5pnnbbpr6ds9rppcc7iv/apache-maven-3.5.0/lib/jansi-native/linux64"/>
    <property name="user.home" value="/home/pjadda"/>
    <property name="user.timezone" value="America/New_York"/>
    <property name="java.awt.printerjob" value="sun.print.PSPrinterJob"/>
    <property name="java.specification.version" value="1.8"/>
    <property name="file.encoding" value="UTF-8"/>
    <property name="user.name" value="pjadda"/>
    <property name="java.class.path" value="/home/pjadda/dockerapps/springcloudstrem-kafka/chargecodes/.mvn/wrapper/maven-wrapper.jar"/>
    <property name="java.vm.specification.version" value="1.8"/>
    <property name="sun.arch.data.model" value="64"/>
    <property name="java.home" value="/usr/lib/jvm/java-8-openjdk-amd64/jre"/>
    <property name="sun.java.command" value="org.apache.maven.wrapper.MavenWrapperMain package -Pprod dockerfile:build"/>
    <property name="java.specification.vendor" value="Oracle Corporation"/>
    <property name="user.language" value="en"/>
    <property name="awt.toolkit" value="sun.awt.X11.XToolkit"/>
    <property name="java.vm.info" value="mixed mode"/>
    <property name="models" value=""/>
    <property name="java.version" value="1.8.0_151"/>
    <property name="java.ext.dirs" value="/usr/lib/jvm/java-8-openjdk-amd64/jre/lib/ext:/usr/java/packages/lib/ext"/>
    <property name="securerandom.source" value="file:/dev/./urandom"/>
    <property name="sun.boot.class.path" value="/usr/lib/jvm/java-8-openjdk-amd64/jre/lib/resources.jar:/usr/lib/jvm/java-8-openjdk-amd64/jre/lib/rt.jar:/usr/lib/jvm/java-8-openjdk-amd64/jre/lib/sunrsasign.jar:/usr/lib/jvm/java-8-openjdk-amd64/jre/lib/jsse.jar:/usr/lib/jvm/java-8-openjdk-amd64/jre/lib/jce.jar:/usr/lib/jvm/java-8-openjdk-amd64/jre/lib/charsets.jar:/usr/lib/jvm/java-8-openjdk-amd64/jre/lib/jfr.jar:/usr/lib/jvm/java-8-openjdk-amd64/jre/classes"/>
    <property name="modelTests" value="true"/>
    <property name="java.vendor" value="Oracle Corporation"/>
    <property name="maven.home" value="/home/pjadda/.m2/wrapper/dists/apache-maven-3.5.0-bin/6ps54u5pnnbbpr6ds9rppcc7iv/apache-maven-3.5.0"/>
    <property name="apiDocs" value="true"/>
    <property name="file.separator" value="/"/>
    <property name="java.vendor.url.bug" value="http://bugreport.sun.com/bugreport/"/>
    <property name="sun.cpu.endian" value="little"/>
    <property name="sun.io.unicode.encoding" value="UnicodeLittle"/>
    <property name="sun.desktop" value="gnome"/>
    <property name="sun.cpu.isalist" value=""/>
  </properties>
  <testcase name="equalsVerifier" classname="com.chargecodes.web.rest.ChargeCodeResourceIntTest" time="0.073"/>
  <testcase name="createChargeCode" classname="com.chargecodes.web.rest.ChargeCodeResourceIntTest" time="0.13"/>
  <testcase name="checkChargeCodeNameIsRequired" classname="com.chargecodes.web.rest.ChargeCodeResourceIntTest" time="0.137"/>
  <testcase name="checkChargeCodeLocationIsRequired" classname="com.chargecodes.web.rest.ChargeCodeResourceIntTest" time="0.13"/>
  <testcase name="deleteChargeCode" classname="com.chargecodes.web.rest.ChargeCodeResourceIntTest" time="0.083"/>
  <testcase name="getAllChargeCodes" classname="com.chargecodes.web.rest.ChargeCodeResourceIntTest" time="0.108"/>
  <testcase name="updateChargeCode" classname="com.chargecodes.web.rest.ChargeCodeResourceIntTest" time="0.094"/>
  <testcase name="getNonExistingChargeCode" classname="com.chargecodes.web.rest.ChargeCodeResourceIntTest" time="0.066"/>
  <testcase name="getChargeCode" classname="com.chargecodes.web.rest.ChargeCodeResourceIntTest" time="0.076"/>
  <testcase name="updateNonExistingChargeCode" classname="com.chargecodes.web.rest.ChargeCodeResourceIntTest" time="0.077"/>
  <testcase name="createChargeCodeWithExistingId" classname="com.chargecodes.web.rest.ChargeCodeResourceIntTest" time="0.076"/>
</testsuite>